#
# There is insufficient memory for the Java Runtime Environment to continue.
# Native memory allocation (malloc) failed to allocate 920176 bytes for Chunk::new
# Possible reasons:
#   The system is out of physical RAM or swap space
#   The process is running with CompressedOops enabled, and the Java Heap may be blocking the growth of the native heap
# Possible solutions:
#   Reduce memory load on the system
#   Increase physical memory or swap space
#   Check if swap backing store is full
#   Decrease Java heap size (-Xmx/-Xms)
#   Decrease number of Java threads
#   Decrease Java thread stack sizes (-Xss)
#   Set larger code cache with -XX:ReservedCodeCacheSize=
#   JVM is running with Unscaled Compressed Oops mode in which the Java heap is
#     placed in the first 4GB address space. The Java Heap base address is the
#     maximum limit for the native heap growth. Please use -XX:HeapBaseMinAddress
#     to set the Java Heap base and to place the Java Heap above 4GB virtual address.
# This output file may be truncated or incomplete.
#
#  Out of Memory Error (./src/hotspot/share/memory/arena.cpp:197), pid=17116, tid=17660
#
# JRE version: OpenJDK Runtime Environment (11.0.11+9) (build 11.0.11+9-b60-7590822)
# Java VM: OpenJDK 64-Bit Server VM (11.0.11+9-b60-7590822, mixed mode, tiered, compressed oops, g1 gc, windows-amd64)
# No core dump will be written. Minidumps are not enabled by default on client versions of Windows
#

---------------  S U M M A R Y ------------

Command Line: --add-opens=java.base/java.util=ALL-UNNAMED --add-opens=java.base/java.lang=ALL-UNNAMED --add-opens=java.base/java.lang.invoke=ALL-UNNAMED --add-opens=java.base/java.util=ALL-UNNAMED --add-opens=java.prefs/java.util.prefs=ALL-UNNAMED --add-opens=java.prefs/java.util.prefs=ALL-UNNAMED --add-opens=java.base/java.nio.charset=ALL-UNNAMED --add-opens=java.base/java.net=ALL-UNNAMED --add-opens=java.base/java.util.concurrent.atomic=ALL-UNNAMED -Xmx2048m -Dfile.encoding=UTF-8 -Duser.country=CO -Duser.language=es -Duser.variant org.gradle.launcher.daemon.bootstrap.GradleDaemon 7.0.2

Host: AMD A9-9410 RADEON R5, 5 COMPUTE CORES 2C+3G   , 2 cores, 11G,  Windows 10 , 64 bit Build 19041 (10.0.19041.1566)
Time: Thu Mar 31 15:32:20 2022 Hora est. Pacífico, Sudamérica elapsed time: 267.476866 seconds (0d 0h 4m 27s)

---------------  T H R E A D  ---------------

Current thread (0x000002817fbfc800):  JavaThread "C2 CompilerThread0" daemon [_thread_in_native, id=17660, stack(0x0000008f3a600000,0x0000008f3a700000)]


Current CompileTask:
C2: 267477 10845   !   4       java.io.ObjectOutputStream::writeObject0 (619 bytes)

Stack: [0x0000008f3a600000,0x0000008f3a700000]
Native frames: (J=compiled Java code, j=interpreted, Vv=VM code, C=native code)
V  [jvm.dll+0x5f214a]
V  [jvm.dll+0x726fb5]
V  [jvm.dll+0x7285cd]
V  [jvm.dll+0x728c83]
V  [jvm.dll+0x243278]
V  [jvm.dll+0xbc53c]
V  [jvm.dll+0xbca3c]
V  [jvm.dll+0x353e3b]
V  [jvm.dll+0x321893]
V  [jvm.dll+0x320d8a]
V  [jvm.dll+0x1fc1e2]
V  [jvm.dll+0x1fb3d4]
V  [jvm.dll+0x183d6c]
V  [jvm.dll+0x209a57]
V  [jvm.dll+0x2082a1]
V  [jvm.dll+0x6ef58f]
V  [jvm.dll+0x6e80b5]
V  [jvm.dll+0x5f1036]
C  [ucrtbase.dll+0x21bb2]
C  [KERNEL32.DLL+0x17034]
C  [ntdll.dll+0x52651]


---------------  P R O C E S S  ---------------

Threads class SMR info:
_java_thread_list=0x000002811a171a80, length=41, elements={
0x00000281792ac800, 0x000002817fba1800, 0x000002817fbad800, 0x000002817fbf3800,
0x000002817fbf7000, 0x000002817fbf9800, 0x000002817fbfc800, 0x000002817fb85000,
0x000002817fc44800, 0x000002817fd4d000, 0x0000028113f32800, 0x0000028114852800,
0x0000028114eab000, 0x0000028114f8c800, 0x0000028114f8d000, 0x000002811475a800,
0x0000028113993800, 0x0000028114ed0800, 0x0000028113904000, 0x0000028113900800,
0x0000028113901800, 0x0000028113904800, 0x0000028113902000, 0x0000028113905800,
0x0000028113907000, 0x0000028113903000, 0x0000028113906800, 0x00000281174f5000,
0x00000281174f3800, 0x00000281174f6000, 0x00000281174f6800, 0x00000281174f1800,
0x00000281174f8000, 0x00000281174f7800, 0x00000281174f2800, 0x00000281174fb800,
0x00000281174fa800, 0x00000281174fe800, 0x00000281174fd000, 0x00000281174fe000,
0x00000281174f9000
}

Java Threads: ( => current thread )
  0x00000281792ac800 JavaThread "main" [_thread_blocked, id=5452, stack(0x0000008f39a00000,0x0000008f39b00000)]
  0x000002817fba1800 JavaThread "Reference Handler" daemon [_thread_blocked, id=15824, stack(0x0000008f3a100000,0x0000008f3a200000)]
  0x000002817fbad800 JavaThread "Finalizer" daemon [_thread_blocked, id=7868, stack(0x0000008f3a200000,0x0000008f3a300000)]
  0x000002817fbf3800 JavaThread "Signal Dispatcher" daemon [_thread_blocked, id=13020, stack(0x0000008f3a300000,0x0000008f3a400000)]
  0x000002817fbf7000 JavaThread "Attach Listener" daemon [_thread_blocked, id=7128, stack(0x0000008f3a400000,0x0000008f3a500000)]
  0x000002817fbf9800 JavaThread "Service Thread" daemon [_thread_blocked, id=13524, stack(0x0000008f3a500000,0x0000008f3a600000)]
=>0x000002817fbfc800 JavaThread "C2 CompilerThread0" daemon [_thread_in_native, id=17660, stack(0x0000008f3a600000,0x0000008f3a700000)]
  0x000002817fb85000 JavaThread "C1 CompilerThread0" daemon [_thread_blocked, id=3328, stack(0x0000008f3a700000,0x0000008f3a800000)]
  0x000002817fc44800 JavaThread "Sweeper thread" daemon [_thread_blocked, id=19340, stack(0x0000008f3a800000,0x0000008f3a900000)]
  0x000002817fd4d000 JavaThread "Common-Cleaner" daemon [_thread_blocked, id=18968, stack(0x0000008f3a900000,0x0000008f3aa00000)]
  0x0000028113f32800 JavaThread "Daemon health stats" [_thread_blocked, id=14476, stack(0x0000008f3ac00000,0x0000008f3ad00000)]
  0x0000028114852800 JavaThread "Incoming local TCP Connector on port 52691" [_thread_in_native, id=19236, stack(0x0000008f3ad00000,0x0000008f3ae00000)]
  0x0000028114eab000 JavaThread "Daemon periodic checks" [_thread_blocked, id=13464, stack(0x0000008f3ae00000,0x0000008f3af00000)]
  0x0000028114f8c800 JavaThread "Daemon" [_thread_blocked, id=17280, stack(0x0000008f3af00000,0x0000008f3b000000)]
  0x0000028114f8d000 JavaThread "Handler for socket connection from /127.0.0.1:52691 to /127.0.0.1:52692" [_thread_in_native, id=8504, stack(0x0000008f3b000000,0x0000008f3b100000)]
  0x000002811475a800 JavaThread "Cancel handler" [_thread_blocked, id=17112, stack(0x0000008f3b100000,0x0000008f3b200000)]
  0x0000028113993800 JavaThread "Daemon worker" [_thread_in_vm, id=3960, stack(0x0000008f3b200000,0x0000008f3b300000)]
  0x0000028114ed0800 JavaThread "Asynchronous log dispatcher for DefaultDaemonConnection: socket connection from /127.0.0.1:52691 to /127.0.0.1:52692" [_thread_blocked, id=19132, stack(0x0000008f3b300000,0x0000008f3b400000)]
  0x0000028113904000 JavaThread "Daemon client event forwarder" [_thread_blocked, id=14748, stack(0x0000008f3b500000,0x0000008f3b600000)]
  0x0000028113900800 JavaThread "Cache worker for file hash cache (C:\Users\Hervis Jonathan\.gradle\caches\7.0.2\fileHashes)" [_thread_blocked, id=2940, stack(0x0000008f3b600000,0x0000008f3b700000)]
  0x0000028113901800 JavaThread "File lock request listener" [_thread_in_native, id=12888, stack(0x0000008f3b700000,0x0000008f3b800000)]
  0x0000028113904800 JavaThread "Cache worker for journal cache (C:\Users\Hervis Jonathan\.gradle\caches\journal-1)" [_thread_blocked, id=16852, stack(0x0000008f3b800000,0x0000008f3b900000)]
  0x0000028113902000 JavaThread "Cache worker for file hash cache (C:\Users\Hervis Jonathan\Desktop\trabajoBancolombia\cesde_bacolombia_app_clone\.gradle\7.0.2\fileHashes)" [_thread_blocked, id=17716, stack(0x0000008f3b900000,0x0000008f3ba00000)]
  0x0000028113905800 JavaThread "File watcher server" daemon [_thread_in_native, id=11228, stack(0x0000008f3ba00000,0x0000008f3bb00000)]
  0x0000028113907000 JavaThread "File watcher consumer" daemon [_thread_blocked, id=14320, stack(0x0000008f3bb00000,0x0000008f3bc00000)]
  0x0000028113903000 JavaThread "Cache worker for checksums cache (C:\Users\Hervis Jonathan\Desktop\trabajoBancolombia\cesde_bacolombia_app_clone\.gradle\checksums)" [_thread_blocked, id=8480, stack(0x0000008f3bc00000,0x0000008f3bd00000)]
  0x0000028113906800 JavaThread "Cache worker for cache directory md-supplier (C:\Users\Hervis Jonathan\.gradle\caches\7.0.2\md-supplier)" [_thread_blocked, id=13788, stack(0x0000008f3bd00000,0x0000008f3be00000)]
  0x00000281174f5000 JavaThread "Cache worker for cache directory md-rule (C:\Users\Hervis Jonathan\.gradle\caches\7.0.2\md-rule)" [_thread_blocked, id=18748, stack(0x0000008f3be00000,0x0000008f3bf00000)]
  0x00000281174f3800 JavaThread "Cache worker for execution history cache (C:\Users\Hervis Jonathan\.gradle\caches\7.0.2\executionHistory)" [_thread_blocked, id=16156, stack(0x0000008f3bf00000,0x0000008f3c000000)]
  0x00000281174f6000 JavaThread "jar transforms" [_thread_blocked, id=9688, stack(0x0000008f3c000000,0x0000008f3c100000)]
  0x00000281174f6800 JavaThread "jar transforms Thread 2" [_thread_blocked, id=13028, stack(0x0000008f3c100000,0x0000008f3c200000)]
  0x00000281174f1800 JavaThread "Cache worker for file content cache (C:\Users\Hervis Jonathan\.gradle\caches\7.0.2\fileContent)" [_thread_blocked, id=14380, stack(0x0000008f3c200000,0x0000008f3c300000)]
  0x00000281174f8000 JavaThread "Cache worker for dependencies-accessors (C:\Users\Hervis Jonathan\Desktop\trabajoBancolombia\cesde_bacolombia_app_clone\.gradle\7.0.2\dependencies-accessors)" [_thread_blocked, id=13448, stack(0x0000008f3c300000,0x0000008f3c400000)]
  0x00000281174f7800 JavaThread "Cache worker for Build Output Cleanup Cache (C:\Users\Hervis Jonathan\Desktop\trabajoBancolombia\cesde_bacolombia_app_clone\.gradle\buildOutputCleanup)" [_thread_blocked, id=14392, stack(0x0000008f3c400000,0x0000008f3c500000)]
  0x00000281174f2800 JavaThread "Build operations" [_thread_blocked, id=16528, stack(0x0000008f3c500000,0x0000008f3c600000)]
  0x00000281174fb800 JavaThread "Build operations Thread 2" [_thread_blocked, id=2252, stack(0x0000008f3c600000,0x0000008f3c700000)]
  0x00000281174fa800 JavaThread "Memory manager" [_thread_blocked, id=15216, stack(0x0000008f3c900000,0x0000008f3ca00000)]
  0x00000281174fe800 JavaThread "build event listener" [_thread_blocked, id=13276, stack(0x0000008f39800000,0x0000008f39900000)]
  0x00000281174fd000 JavaThread "Execution worker for ':'" [_thread_blocked, id=18972, stack(0x0000008f39900000,0x0000008f39a00000)]
  0x00000281174fe000 JavaThread "Cache worker for execution history cache (C:\Users\Hervis Jonathan\Desktop\trabajoBancolombia\cesde_bacolombia_app_clone\.gradle\7.0.2\executionHistory)" [_thread_blocked, id=17252, stack(0x0000008f3b400000,0x0000008f3b500000)]
  0x00000281174f9000 JavaThread "WorkerExecutor Queue" [_thread_blocked, id=6700, stack(0x0000008f3cb00000,0x0000008f3cc00000)]

Other Threads:
  0x000002817fb76000 VMThread "VM Thread" [stack: 0x0000008f3a000000,0x0000008f3a100000] [id=12360]
  0x000002817fd81800 WatcherThread [stack: 0x0000008f3aa00000,0x0000008f3ab00000] [id=2028]
  0x00000281792c7000 GCTaskThread "GC Thread#0" [stack: 0x0000008f39b00000,0x0000008f39c00000] [id=13388]
  0x000002811381e800 GCTaskThread "GC Thread#1" [stack: 0x0000008f3ab00000,0x0000008f3ac00000] [id=16980]
  0x00000281792f8000 ConcurrentGCThread "G1 Main Marker" [stack: 0x0000008f39c00000,0x0000008f39d00000] [id=11864]
  0x00000281792f9800 ConcurrentGCThread "G1 Conc#0" [stack: 0x0000008f39d00000,0x0000008f39e00000] [id=9952]
  0x000002817f9c6800 ConcurrentGCThread "G1 Refine#0" [stack: 0x0000008f39e00000,0x0000008f39f00000] [id=12952]
  0x000002811739d800 ConcurrentGCThread "G1 Refine#1" [stack: 0x0000008f3ca00000,0x0000008f3cb00000] [id=2188]
  0x000002817937e800 ConcurrentGCThread "G1 Young RemSet Sampling" [stack: 0x0000008f39f00000,0x0000008f3a000000] [id=5412]

Threads with active compile tasks:
C2 CompilerThread0 267629 10845   !   4       java.io.ObjectOutputStream::writeObject0 (619 bytes)

VM state:not at safepoint (normal execution)

VM Mutex/Monitor currently owned by a thread: None

Heap address: 0x0000000080000000, size: 2048 MB, Compressed Oops mode: 32-bit
Narrow klass base: 0x0000000000000000, Narrow klass shift: 3
Compressed class space size: 1073741824 Address: 0x0000000100000000

Heap:
 garbage-first heap   total 188416K, used 119993K [0x0000000080000000, 0x0000000100000000)
  region size 1024K, 8 young (8192K), 1 survivors (1024K)
 Metaspace       used 85679K, capacity 87829K, committed 87932K, reserved 1126400K
  class space    used 10941K, capacity 11703K, committed 11776K, reserved 1048576K
Heap Regions: E=young(eden), S=young(survivor), O=old, HS=humongous(starts), HC=humongous(continues), CS=collection set, F=free, A=archive, TAMS=top-at-mark-start (previous, next)
|   0|0x0000000080000000, 0x0000000080100000, 0x0000000080100000|100%|HS|  |TAMS 0x0000000080100000, 0x0000000080000000| Complete 
|   1|0x0000000080100000, 0x0000000080200000, 0x0000000080200000|100%|HC|  |TAMS 0x0000000080200000, 0x0000000080100000| Complete 
|   2|0x0000000080200000, 0x0000000080300000, 0x0000000080300000|100%|HC|  |TAMS 0x0000000080300000, 0x0000000080200000| Complete 
|   3|0x0000000080300000, 0x0000000080400000, 0x0000000080400000|100%| O|  |TAMS 0x0000000080400000, 0x0000000080300000| Untracked 
|   4|0x0000000080400000, 0x0000000080500000, 0x0000000080500000|100%| O|  |TAMS 0x0000000080500000, 0x0000000080400000| Untracked 
|   5|0x0000000080500000, 0x0000000080600000, 0x0000000080600000|100%| O|  |TAMS 0x0000000080600000, 0x0000000080500000| Untracked 
|   6|0x0000000080600000, 0x0000000080700000, 0x0000000080700000|100%| O|  |TAMS 0x0000000080700000, 0x0000000080600000| Untracked 
|   7|0x0000000080700000, 0x0000000080800000, 0x0000000080800000|100%| O|  |TAMS 0x0000000080800000, 0x0000000080700000| Untracked 
|   8|0x0000000080800000, 0x0000000080900000, 0x0000000080900000|100%| O|  |TAMS 0x0000000080900000, 0x0000000080800000| Untracked 
|   9|0x0000000080900000, 0x0000000080a00000, 0x0000000080a00000|100%| O|  |TAMS 0x0000000080a00000, 0x0000000080900000| Untracked 
|  10|0x0000000080a00000, 0x0000000080b00000, 0x0000000080b00000|100%| O|  |TAMS 0x0000000080b00000, 0x0000000080a00000| Untracked 
|  11|0x0000000080b00000, 0x0000000080c00000, 0x0000000080c00000|100%| O|  |TAMS 0x0000000080c00000, 0x0000000080b00000| Untracked 
|  12|0x0000000080c00000, 0x0000000080d00000, 0x0000000080d00000|100%| O|  |TAMS 0x0000000080d00000, 0x0000000080c00000| Untracked 
|  13|0x0000000080d00000, 0x0000000080e00000, 0x0000000080e00000|100%| O|  |TAMS 0x0000000080e00000, 0x0000000080d00000| Untracked 
|  14|0x0000000080e00000, 0x0000000080f00000, 0x0000000080f00000|100%| O|  |TAMS 0x0000000080f00000, 0x0000000080e00000| Untracked 
|  15|0x0000000080f00000, 0x0000000081000000, 0x0000000081000000|100%| O|  |TAMS 0x0000000081000000, 0x0000000080f00000| Untracked 
|  16|0x0000000081000000, 0x0000000081100000, 0x0000000081100000|100%| O|  |TAMS 0x0000000081100000, 0x0000000081000000| Untracked 
|  17|0x0000000081100000, 0x0000000081200000, 0x0000000081200000|100%| O|  |TAMS 0x0000000081200000, 0x0000000081100000| Untracked 
|  18|0x0000000081200000, 0x0000000081300000, 0x0000000081300000|100%|HS|  |TAMS 0x0000000081300000, 0x0000000081200000| Complete 
|  19|0x0000000081300000, 0x0000000081400000, 0x0000000081400000|100%|HS|  |TAMS 0x0000000081400000, 0x0000000081300000| Complete 
|  20|0x0000000081400000, 0x0000000081500000, 0x0000000081500000|100%| O|  |TAMS 0x0000000081500000, 0x0000000081400000| Untracked 
|  21|0x0000000081500000, 0x0000000081600000, 0x0000000081600000|100%| O|  |TAMS 0x0000000081600000, 0x0000000081500000| Untracked 
|  22|0x0000000081600000, 0x0000000081700000, 0x0000000081700000|100%|HS|  |TAMS 0x0000000081700000, 0x0000000081600000| Complete 
|  23|0x0000000081700000, 0x0000000081800000, 0x0000000081800000|100%|HC|  |TAMS 0x0000000081800000, 0x0000000081700000| Complete 
|  24|0x0000000081800000, 0x0000000081900000, 0x0000000081900000|100%| O|  |TAMS 0x0000000081900000, 0x0000000081800000| Untracked 
|  25|0x0000000081900000, 0x0000000081a00000, 0x0000000081a00000|100%| O|  |TAMS 0x0000000081a00000, 0x0000000081900000| Untracked 
|  26|0x0000000081a00000, 0x0000000081b00000, 0x0000000081b00000|100%| O|  |TAMS 0x0000000081b00000, 0x0000000081a00000| Untracked 
|  27|0x0000000081b00000, 0x0000000081c00000, 0x0000000081c00000|100%| O|  |TAMS 0x0000000081c00000, 0x0000000081b00000| Untracked 
|  28|0x0000000081c00000, 0x0000000081d00000, 0x0000000081d00000|100%| O|  |TAMS 0x0000000081d00000, 0x0000000081c00000| Untracked 
|  29|0x0000000081d00000, 0x0000000081e00000, 0x0000000081e00000|100%| O|  |TAMS 0x0000000081e00000, 0x0000000081d00000| Untracked 
|  30|0x0000000081e00000, 0x0000000081f00000, 0x0000000081f00000|100%| O|  |TAMS 0x0000000081f00000, 0x0000000081e00000| Untracked 
|  31|0x0000000081f00000, 0x0000000082000000, 0x0000000082000000|100%| O|  |TAMS 0x0000000082000000, 0x0000000081f00000| Untracked 
|  32|0x0000000082000000, 0x0000000082100000, 0x0000000082100000|100%| O|  |TAMS 0x0000000082100000, 0x0000000082000000| Untracked 
|  33|0x0000000082100000, 0x0000000082200000, 0x0000000082200000|100%| O|  |TAMS 0x0000000082200000, 0x0000000082100000| Untracked 
|  34|0x0000000082200000, 0x0000000082300000, 0x0000000082300000|100%| O|  |TAMS 0x0000000082300000, 0x0000000082200000| Untracked 
|  35|0x0000000082300000, 0x0000000082400000, 0x0000000082400000|100%| O|  |TAMS 0x0000000082400000, 0x0000000082300000| Untracked 
|  36|0x0000000082400000, 0x0000000082500000, 0x0000000082500000|100%| O|  |TAMS 0x0000000082500000, 0x0000000082400000| Untracked 
|  37|0x0000000082500000, 0x0000000082600000, 0x0000000082600000|100%| O|  |TAMS 0x0000000082600000, 0x0000000082500000| Untracked 
|  38|0x0000000082600000, 0x0000000082700000, 0x0000000082700000|100%| O|  |TAMS 0x0000000082700000, 0x0000000082600000| Untracked 
|  39|0x0000000082700000, 0x0000000082800000, 0x0000000082800000|100%| O|  |TAMS 0x0000000082800000, 0x0000000082700000| Untracked 
|  40|0x0000000082800000, 0x0000000082900000, 0x0000000082900000|100%| O|  |TAMS 0x0000000082900000, 0x0000000082800000| Untracked 
|  41|0x0000000082900000, 0x0000000082a00000, 0x0000000082a00000|100%| O|  |TAMS 0x0000000082a00000, 0x0000000082900000| Untracked 
|  42|0x0000000082a00000, 0x0000000082b00000, 0x0000000082b00000|100%| O|  |TAMS 0x0000000082b00000, 0x0000000082a00000| Untracked 
|  43|0x0000000082b00000, 0x0000000082c00000, 0x0000000082c00000|100%| O|  |TAMS 0x0000000082c00000, 0x0000000082b00000| Untracked 
|  44|0x0000000082c00000, 0x0000000082d00000, 0x0000000082d00000|100%| O|  |TAMS 0x0000000082d00000, 0x0000000082c00000| Untracked 
|  45|0x0000000082d00000, 0x0000000082e00000, 0x0000000082e00000|100%| O|  |TAMS 0x0000000082e00000, 0x0000000082d00000| Untracked 
|  46|0x0000000082e00000, 0x0000000082f00000, 0x0000000082f00000|100%| O|  |TAMS 0x0000000082f00000, 0x0000000082e00000| Untracked 
|  47|0x0000000082f00000, 0x0000000083000000, 0x0000000083000000|100%| O|  |TAMS 0x0000000083000000, 0x0000000082f00000| Untracked 
|  48|0x0000000083000000, 0x0000000083100000, 0x0000000083100000|100%| O|  |TAMS 0x0000000083100000, 0x0000000083000000| Untracked 
|  49|0x0000000083100000, 0x0000000083200000, 0x0000000083200000|100%| O|  |TAMS 0x0000000083200000, 0x0000000083100000| Untracked 
|  50|0x0000000083200000, 0x0000000083300000, 0x0000000083300000|100%| O|  |TAMS 0x0000000083300000, 0x0000000083200000| Untracked 
|  51|0x0000000083300000, 0x0000000083400000, 0x0000000083400000|100%| O|  |TAMS 0x0000000083400000, 0x0000000083300000| Untracked 
|  52|0x0000000083400000, 0x0000000083500000, 0x0000000083500000|100%| O|  |TAMS 0x0000000083500000, 0x0000000083400000| Untracked 
|  53|0x0000000083500000, 0x0000000083600000, 0x0000000083600000|100%| O|  |TAMS 0x0000000083600000, 0x0000000083500000| Untracked 
|  54|0x0000000083600000, 0x0000000083700000, 0x0000000083700000|100%| O|  |TAMS 0x0000000083700000, 0x0000000083600000| Untracked 
|  55|0x0000000083700000, 0x0000000083800000, 0x0000000083800000|100%|HS|  |TAMS 0x0000000083800000, 0x0000000083700000| Complete 
|  56|0x0000000083800000, 0x0000000083900000, 0x0000000083900000|100%| O|  |TAMS 0x0000000083900000, 0x0000000083800000| Untracked 
|  57|0x0000000083900000, 0x0000000083a00000, 0x0000000083a00000|100%| O|  |TAMS 0x0000000083a00000, 0x0000000083900000| Untracked 
|  58|0x0000000083a00000, 0x0000000083b00000, 0x0000000083b00000|100%| O|  |TAMS 0x0000000083b00000, 0x0000000083a00000| Untracked 
|  59|0x0000000083b00000, 0x0000000083c00000, 0x0000000083c00000|100%| O|  |TAMS 0x0000000083c00000, 0x0000000083b00000| Untracked 
|  60|0x0000000083c00000, 0x0000000083d00000, 0x0000000083d00000|100%| O|  |TAMS 0x0000000083d00000, 0x0000000083c00000| Untracked 
|  61|0x0000000083d00000, 0x0000000083e00000, 0x0000000083e00000|100%| O|  |TAMS 0x0000000083e00000, 0x0000000083d00000| Untracked 
|  62|0x0000000083e00000, 0x0000000083f00000, 0x0000000083f00000|100%| O|  |TAMS 0x0000000083f00000, 0x0000000083e00000| Untracked 
|  63|0x0000000083f00000, 0x0000000084000000, 0x0000000084000000|100%| O|  |TAMS 0x0000000084000000, 0x0000000083f00000| Untracked 
|  64|0x0000000084000000, 0x0000000084100000, 0x0000000084100000|100%| O|  |TAMS 0x0000000084100000, 0x0000000084000000| Untracked 
|  65|0x0000000084100000, 0x0000000084200000, 0x0000000084200000|100%| O|  |TAMS 0x0000000084200000, 0x0000000084100000| Untracked 
|  66|0x0000000084200000, 0x0000000084300000, 0x0000000084300000|100%| O|  |TAMS 0x0000000084300000, 0x0000000084200000| Untracked 
|  67|0x0000000084300000, 0x0000000084400000, 0x0000000084400000|100%| O|  |TAMS 0x0000000084400000, 0x0000000084300000| Untracked 
|  68|0x0000000084400000, 0x0000000084500000, 0x0000000084500000|100%| O|  |TAMS 0x0000000084500000, 0x0000000084400000| Untracked 
|  69|0x0000000084500000, 0x0000000084600000, 0x0000000084600000|100%| O|  |TAMS 0x0000000084600000, 0x0000000084500000| Untracked 
|  70|0x0000000084600000, 0x0000000084700000, 0x0000000084700000|100%| O|  |TAMS 0x0000000084700000, 0x0000000084600000| Untracked 
|  71|0x0000000084700000, 0x0000000084800000, 0x0000000084800000|100%| O|  |TAMS 0x0000000084800000, 0x0000000084700000| Untracked 
|  72|0x0000000084800000, 0x0000000084900000, 0x0000000084900000|100%| O|  |TAMS 0x0000000084900000, 0x0000000084800000| Untracked 
|  73|0x0000000084900000, 0x0000000084a00000, 0x0000000084a00000|100%| O|  |TAMS 0x0000000084a00000, 0x0000000084900000| Untracked 
|  74|0x0000000084a00000, 0x0000000084b00000, 0x0000000084b00000|100%| O|  |TAMS 0x0000000084b00000, 0x0000000084a00000| Untracked 
|  75|0x0000000084b00000, 0x0000000084c00000, 0x0000000084c00000|100%| O|  |TAMS 0x0000000084c00000, 0x0000000084b00000| Untracked 
|  76|0x0000000084c00000, 0x0000000084d00000, 0x0000000084d00000|100%| O|  |TAMS 0x0000000084d00000, 0x0000000084c00000| Untracked 
|  77|0x0000000084d00000, 0x0000000084e00000, 0x0000000084e00000|100%| O|  |TAMS 0x0000000084e00000, 0x0000000084d00000| Untracked 
|  78|0x0000000084e00000, 0x0000000084f00000, 0x0000000084f00000|100%| O|  |TAMS 0x0000000084f00000, 0x0000000084e00000| Untracked 
|  79|0x0000000084f00000, 0x0000000085000000, 0x0000000085000000|100%| O|  |TAMS 0x0000000085000000, 0x0000000084f00000| Untracked 
|  80|0x0000000085000000, 0x0000000085100000, 0x0000000085100000|100%| O|  |TAMS 0x0000000085100000, 0x0000000085000000| Untracked 
|  81|0x0000000085100000, 0x0000000085200000, 0x0000000085200000|100%| O|  |TAMS 0x0000000085200000, 0x0000000085100000| Untracked 
|  82|0x0000000085200000, 0x0000000085300000, 0x0000000085300000|100%| O|  |TAMS 0x0000000085300000, 0x0000000085200000| Untracked 
|  83|0x0000000085300000, 0x0000000085400000, 0x0000000085400000|100%| O|  |TAMS 0x0000000085400000, 0x0000000085300000| Untracked 
|  84|0x0000000085400000, 0x0000000085500000, 0x0000000085500000|100%| O|  |TAMS 0x0000000085500000, 0x0000000085400000| Untracked 
|  85|0x0000000085500000, 0x0000000085600000, 0x0000000085600000|100%| O|  |TAMS 0x0000000085600000, 0x0000000085500000| Untracked 
|  86|0x0000000085600000, 0x0000000085700000, 0x0000000085700000|100%| O|  |TAMS 0x0000000085700000, 0x0000000085600000| Untracked 
|  87|0x0000000085700000, 0x0000000085800000, 0x0000000085800000|100%| O|  |TAMS 0x0000000085800000, 0x0000000085700000| Untracked 
|  88|0x0000000085800000, 0x0000000085900000, 0x0000000085900000|100%| O|  |TAMS 0x0000000085900000, 0x0000000085800000| Untracked 
|  89|0x0000000085900000, 0x0000000085a00000, 0x0000000085a00000|100%| O|  |TAMS 0x0000000085a00000, 0x0000000085900000| Untracked 
|  90|0x0000000085a00000, 0x0000000085b00000, 0x0000000085b00000|100%| O|  |TAMS 0x0000000085b00000, 0x0000000085a00000| Untracked 
|  91|0x0000000085b00000, 0x0000000085b00000, 0x0000000085c00000|  0%| F|  |TAMS 0x0000000085b00000, 0x0000000085b00000| Untracked 
|  92|0x0000000085c00000, 0x0000000085d00000, 0x0000000085d00000|100%| O|  |TAMS 0x0000000085d00000, 0x0000000085c00000| Untracked 
|  93|0x0000000085d00000, 0x0000000085e00000, 0x0000000085e00000|100%| O|  |TAMS 0x0000000085e00000, 0x0000000085d00000| Untracked 
|  94|0x0000000085e00000, 0x0000000085f00000, 0x0000000085f00000|100%| O|  |TAMS 0x0000000085f00000, 0x0000000085e00000| Untracked 
|  95|0x0000000085f00000, 0x0000000086000000, 0x0000000086000000|100%| O|  |TAMS 0x0000000086000000, 0x0000000085f00000| Untracked 
|  96|0x0000000086000000, 0x0000000086100000, 0x0000000086100000|100%| O|  |TAMS 0x0000000086100000, 0x0000000086000000| Untracked 
|  97|0x0000000086100000, 0x0000000086200000, 0x0000000086200000|100%| O|  |TAMS 0x0000000086200000, 0x0000000086100000| Untracked 
|  98|0x0000000086200000, 0x0000000086300000, 0x0000000086300000|100%| O|  |TAMS 0x0000000086300000, 0x0000000086200000| Untracked 
|  99|0x0000000086300000, 0x00000000863ed200, 0x0000000086400000| 92%| O|  |TAMS 0x00000000863ed200, 0x0000000086300000| Untracked 
| 100|0x0000000086400000, 0x0000000086400000, 0x0000000086500000|  0%| F|  |TAMS 0x0000000086400000, 0x0000000086400000| Untracked 
| 101|0x0000000086500000, 0x0000000086500000, 0x0000000086600000|  0%| F|  |TAMS 0x0000000086500000, 0x0000000086500000| Untracked 
| 102|0x0000000086600000, 0x0000000086700000, 0x0000000086700000|100%| O|  |TAMS 0x0000000086700000, 0x0000000086600000| Untracked 
| 103|0x0000000086700000, 0x0000000086800000, 0x0000000086800000|100%| O|  |TAMS 0x0000000086800000, 0x0000000086700000| Untracked 
| 104|0x0000000086800000, 0x0000000086900000, 0x0000000086900000|100%| O|  |TAMS 0x0000000086900000, 0x0000000086800000| Untracked 
| 105|0x0000000086900000, 0x0000000086a00000, 0x0000000086a00000|100%| O|  |TAMS 0x0000000086a00000, 0x0000000086900000| Untracked 
| 106|0x0000000086a00000, 0x0000000086b00000, 0x0000000086b00000|100%| O|  |TAMS 0x0000000086b00000, 0x0000000086a00000| Untracked 
| 107|0x0000000086b00000, 0x0000000086c00000, 0x0000000086c00000|100%| O|  |TAMS 0x0000000086c00000, 0x0000000086b00000| Untracked 
| 108|0x0000000086c00000, 0x0000000086d00000, 0x0000000086d00000|100%| O|  |TAMS 0x0000000086d00000, 0x0000000086c00000| Untracked 
| 109|0x0000000086d00000, 0x0000000086d00000, 0x0000000086e00000|  0%| F|  |TAMS 0x0000000086d00000, 0x0000000086d00000| Untracked 
| 110|0x0000000086e00000, 0x0000000086e00000, 0x0000000086f00000|  0%| F|  |TAMS 0x0000000086e00000, 0x0000000086e00000| Untracked 
| 111|0x0000000086f00000, 0x0000000086f00000, 0x0000000087000000|  0%| F|  |TAMS 0x0000000086f00000, 0x0000000086f00000| Untracked 
| 112|0x0000000087000000, 0x0000000087000000, 0x0000000087100000|  0%| F|  |TAMS 0x0000000087000000, 0x0000000087000000| Untracked 
| 113|0x0000000087100000, 0x0000000087100000, 0x0000000087200000|  0%| F|  |TAMS 0x0000000087100000, 0x0000000087100000| Untracked 
| 114|0x0000000087200000, 0x0000000087200000, 0x0000000087300000|  0%| F|  |TAMS 0x0000000087200000, 0x0000000087200000| Untracked 
| 115|0x0000000087300000, 0x0000000087400000, 0x0000000087400000|100%|HS|  |TAMS 0x0000000087400000, 0x0000000087300000| Complete 
| 116|0x0000000087400000, 0x0000000087500000, 0x0000000087500000|100%|HC|  |TAMS 0x0000000087500000, 0x0000000087400000| Complete 
| 117|0x0000000087500000, 0x0000000087600000, 0x0000000087600000|100%|HC|  |TAMS 0x0000000087600000, 0x0000000087500000| Complete 
| 118|0x0000000087600000, 0x0000000087700000, 0x0000000087700000|100%|HS|  |TAMS 0x0000000087600000, 0x0000000087600000| Complete 
| 119|0x0000000087700000, 0x0000000087800000, 0x0000000087800000|100%|HC|  |TAMS 0x0000000087700000, 0x0000000087700000| Complete 
| 120|0x0000000087800000, 0x0000000087900000, 0x0000000087900000|100%|HC|  |TAMS 0x0000000087800000, 0x0000000087800000| Complete 
| 121|0x0000000087900000, 0x0000000087900000, 0x0000000087a00000|  0%| F|  |TAMS 0x0000000087900000, 0x0000000087900000| Untracked 
| 122|0x0000000087a00000, 0x0000000087a00000, 0x0000000087b00000|  0%| F|  |TAMS 0x0000000087a00000, 0x0000000087a00000| Untracked 
| 123|0x0000000087b00000, 0x0000000087b00000, 0x0000000087c00000|  0%| F|  |TAMS 0x0000000087b00000, 0x0000000087b00000| Untracked 
| 124|0x0000000087c00000, 0x0000000087c00000, 0x0000000087d00000|  0%| F|  |TAMS 0x0000000087c00000, 0x0000000087c00000| Untracked 
| 125|0x0000000087d00000, 0x0000000087d00000, 0x0000000087e00000|  0%| F|  |TAMS 0x0000000087d00000, 0x0000000087d00000| Untracked 
| 126|0x0000000087e00000, 0x0000000087e00000, 0x0000000087f00000|  0%| F|  |TAMS 0x0000000087e00000, 0x0000000087e00000| Untracked 
| 127|0x0000000087f00000, 0x0000000087f00000, 0x0000000088000000|  0%| F|  |TAMS 0x0000000087f00000, 0x0000000087f00000| Untracked 
| 128|0x0000000088000000, 0x0000000088000000, 0x0000000088100000|  0%| F|  |TAMS 0x0000000088000000, 0x0000000088000000| Untracked 
| 129|0x0000000088100000, 0x0000000088100000, 0x0000000088200000|  0%| F|  |TAMS 0x0000000088100000, 0x0000000088100000| Untracked 
| 130|0x0000000088200000, 0x0000000088200000, 0x0000000088300000|  0%| F|  |TAMS 0x0000000088200000, 0x0000000088200000| Untracked 
| 131|0x0000000088300000, 0x0000000088300000, 0x0000000088400000|  0%| F|  |TAMS 0x0000000088300000, 0x0000000088300000| Untracked 
| 132|0x0000000088400000, 0x0000000088400000, 0x0000000088500000|  0%| F|  |TAMS 0x0000000088400000, 0x0000000088400000| Untracked 
| 133|0x0000000088500000, 0x0000000088500000, 0x0000000088600000|  0%| F|  |TAMS 0x0000000088500000, 0x0000000088500000| Untracked 
| 134|0x0000000088600000, 0x0000000088600000, 0x0000000088700000|  0%| F|  |TAMS 0x0000000088600000, 0x0000000088600000| Untracked 
| 135|0x0000000088700000, 0x0000000088700000, 0x0000000088800000|  0%| F|  |TAMS 0x0000000088700000, 0x0000000088700000| Untracked 
| 136|0x0000000088800000, 0x0000000088800000, 0x0000000088900000|  0%| F|  |TAMS 0x0000000088800000, 0x0000000088800000| Untracked 
| 137|0x0000000088900000, 0x0000000088900000, 0x0000000088a00000|  0%| F|  |TAMS 0x0000000088900000, 0x0000000088900000| Untracked 
| 138|0x0000000088a00000, 0x0000000088a00000, 0x0000000088b00000|  0%| F|  |TAMS 0x0000000088a00000, 0x0000000088a00000| Untracked 
| 139|0x0000000088b00000, 0x0000000088b00000, 0x0000000088c00000|  0%| F|  |TAMS 0x0000000088b00000, 0x0000000088b00000| Untracked 
| 140|0x0000000088c00000, 0x0000000088c00000, 0x0000000088d00000|  0%| F|  |TAMS 0x0000000088c00000, 0x0000000088c00000| Untracked 
| 141|0x0000000088d00000, 0x0000000088d00000, 0x0000000088e00000|  0%| F|  |TAMS 0x0000000088d00000, 0x0000000088d00000| Untracked 
| 142|0x0000000088e00000, 0x0000000088e00000, 0x0000000088f00000|  0%| F|  |TAMS 0x0000000088e00000, 0x0000000088e00000| Untracked 
| 143|0x0000000088f00000, 0x0000000088f00000, 0x0000000089000000|  0%| F|  |TAMS 0x0000000088f00000, 0x0000000088f00000| Untracked 
| 144|0x0000000089000000, 0x0000000089000000, 0x0000000089100000|  0%| F|  |TAMS 0x0000000089000000, 0x0000000089000000| Untracked 
| 145|0x0000000089100000, 0x0000000089100000, 0x0000000089200000|  0%| F|  |TAMS 0x0000000089100000, 0x0000000089100000| Untracked 
| 146|0x0000000089200000, 0x0000000089200000, 0x0000000089300000|  0%| F|  |TAMS 0x0000000089200000, 0x0000000089200000| Untracked 
| 147|0x0000000089300000, 0x0000000089300000, 0x0000000089400000|  0%| F|  |TAMS 0x0000000089300000, 0x0000000089300000| Untracked 
| 148|0x0000000089400000, 0x0000000089400000, 0x0000000089500000|  0%| F|  |TAMS 0x0000000089400000, 0x0000000089400000| Untracked 
| 149|0x0000000089500000, 0x0000000089500000, 0x0000000089600000|  0%| F|  |TAMS 0x0000000089500000, 0x0000000089500000| Untracked 
| 150|0x0000000089600000, 0x0000000089600000, 0x0000000089700000|  0%| F|  |TAMS 0x0000000089600000, 0x0000000089600000| Untracked 
| 151|0x0000000089700000, 0x0000000089700000, 0x0000000089800000|  0%| F|  |TAMS 0x0000000089700000, 0x0000000089700000| Untracked 
| 152|0x0000000089800000, 0x0000000089800000, 0x0000000089900000|  0%| F|  |TAMS 0x0000000089800000, 0x0000000089800000| Untracked 
| 153|0x0000000089900000, 0x0000000089900000, 0x0000000089a00000|  0%| F|  |TAMS 0x0000000089900000, 0x0000000089900000| Untracked 
| 154|0x0000000089a00000, 0x0000000089a00000, 0x0000000089b00000|  0%| F|  |TAMS 0x0000000089a00000, 0x0000000089a00000| Untracked 
| 155|0x0000000089b00000, 0x0000000089b00000, 0x0000000089c00000|  0%| F|  |TAMS 0x0000000089b00000, 0x0000000089b00000| Untracked 
| 156|0x0000000089c00000, 0x0000000089c00000, 0x0000000089d00000|  0%| F|  |TAMS 0x0000000089c00000, 0x0000000089c00000| Untracked 
| 157|0x0000000089d00000, 0x0000000089d00000, 0x0000000089e00000|  0%| F|  |TAMS 0x0000000089d00000, 0x0000000089d00000| Untracked 
| 158|0x0000000089e00000, 0x0000000089e00000, 0x0000000089f00000|  0%| F|  |TAMS 0x0000000089e00000, 0x0000000089e00000| Untracked 
| 159|0x0000000089f00000, 0x0000000089f00000, 0x000000008a000000|  0%| F|  |TAMS 0x0000000089f00000, 0x0000000089f00000| Untracked 
| 160|0x000000008a000000, 0x000000008a000000, 0x000000008a100000|  0%| F|  |TAMS 0x000000008a000000, 0x000000008a000000| Untracked 
| 161|0x000000008a100000, 0x000000008a100000, 0x000000008a200000|  0%| F|  |TAMS 0x000000008a100000, 0x000000008a100000| Untracked 
| 162|0x000000008a200000, 0x000000008a200000, 0x000000008a300000|  0%| F|  |TAMS 0x000000008a200000, 0x000000008a200000| Untracked 
| 163|0x000000008a300000, 0x000000008a300000, 0x000000008a400000|  0%| F|  |TAMS 0x000000008a300000, 0x000000008a300000| Untracked 
| 164|0x000000008a400000, 0x000000008a400000, 0x000000008a500000|  0%| F|  |TAMS 0x000000008a400000, 0x000000008a400000| Untracked 
| 165|0x000000008a500000, 0x000000008a500000, 0x000000008a600000|  0%| F|  |TAMS 0x000000008a500000, 0x000000008a500000| Untracked 
| 166|0x000000008a600000, 0x000000008a600000, 0x000000008a700000|  0%| F|  |TAMS 0x000000008a600000, 0x000000008a600000| Untracked 
| 167|0x000000008a700000, 0x000000008a700000, 0x000000008a800000|  0%| F|  |TAMS 0x000000008a700000, 0x000000008a700000| Untracked 
| 168|0x000000008a800000, 0x000000008a800000, 0x000000008a900000|  0%| F|  |TAMS 0x000000008a800000, 0x000000008a800000| Untracked 
| 169|0x000000008a900000, 0x000000008a900000, 0x000000008aa00000|  0%| F|  |TAMS 0x000000008a900000, 0x000000008a900000| Untracked 
| 170|0x000000008aa00000, 0x000000008aa00000, 0x000000008ab00000|  0%| F|  |TAMS 0x000000008aa00000, 0x000000008aa00000| Untracked 
| 171|0x000000008ab00000, 0x000000008ab00000, 0x000000008ac00000|  0%| F|  |TAMS 0x000000008ab00000, 0x000000008ab00000| Untracked 
| 172|0x000000008ac00000, 0x000000008ac00000, 0x000000008ad00000|  0%| F|  |TAMS 0x000000008ac00000, 0x000000008ac00000| Untracked 
| 173|0x000000008ad00000, 0x000000008ad00000, 0x000000008ae00000|  0%| F|  |TAMS 0x000000008ad00000, 0x000000008ad00000| Untracked 
| 174|0x000000008ae00000, 0x000000008ae00000, 0x000000008af00000|  0%| F|  |TAMS 0x000000008ae00000, 0x000000008ae00000| Untracked 
| 175|0x000000008af00000, 0x000000008af00000, 0x000000008b000000|  0%| F|  |TAMS 0x000000008af00000, 0x000000008af00000| Untracked 
| 176|0x000000008b000000, 0x000000008b0f05e8, 0x000000008b100000| 93%| E|  |TAMS 0x000000008b000000, 0x000000008b000000| Complete 
| 177|0x000000008b100000, 0x000000008b200000, 0x000000008b200000|100%| E|CS|TAMS 0x000000008b100000, 0x000000008b100000| Complete 
| 178|0x000000008b200000, 0x000000008b300000, 0x000000008b300000|100%| E|CS|TAMS 0x000000008b200000, 0x000000008b200000| Complete 
| 179|0x000000008b300000, 0x000000008b400000, 0x000000008b400000|100%| E|CS|TAMS 0x000000008b300000, 0x000000008b300000| Complete 
| 180|0x000000008b400000, 0x000000008b441260, 0x000000008b500000| 25%| S|CS|TAMS 0x000000008b400000, 0x000000008b400000| Complete 
| 181|0x000000008b500000, 0x000000008b600000, 0x000000008b600000|100%| E|CS|TAMS 0x000000008b500000, 0x000000008b500000| Complete 
| 182|0x000000008b600000, 0x000000008b700000, 0x000000008b700000|100%| E|  |TAMS 0x000000008b600000, 0x000000008b600000| Complete 
| 183|0x000000008b700000, 0x000000008b800000, 0x000000008b800000|100%| E|CS|TAMS 0x000000008b700000, 0x000000008b700000| Complete 

Card table byte_map: [0x000002817d1a0000,0x000002817d5a0000] _byte_map_base: 0x000002817cda0000

Marking Bits (Prev, Next): (CMBitMap*) 0x00000281792ee2c0, (CMBitMap*) 0x00000281792ee288
 Prev Bits: [0x000002810f000000, 0x0000028111000000)
 Next Bits: [0x000002817d9a0000, 0x000002817f9a0000)

Polling page: 0x0000028178a80000

Metaspace:

Usage:
  Non-class:     74.34 MB capacity,    72.99 MB ( 98%) used,     1.13 MB (  2%) free+waste,   235.19 KB ( <1%) overhead. 
      Class:     11.43 MB capacity,    10.69 MB ( 93%) used,   655.45 KB (  6%) free+waste,   105.88 KB ( <1%) overhead. 
       Both:     85.77 MB capacity,    83.67 MB ( 98%) used,     1.77 MB (  2%) free+waste,   341.06 KB ( <1%) overhead. 

Virtual space:
  Non-class space:       76.00 MB reserved,      74.37 MB ( 98%) committed 
      Class space:        1.00 GB reserved,      11.50 MB (  1%) committed 
             Both:        1.07 GB reserved,      85.87 MB (  8%) committed 

Chunk freelists:
   Non-Class:  30.00 KB
       Class:  9.00 KB
        Both:  39.00 KB

MaxMetaspaceSize: 17179869184.00 GB
CompressedClassSpaceSize: 1.00 GB

CodeHeap 'non-profiled nmethods': size=120064Kb used=7030Kb max_used=7030Kb free=113033Kb
 bounds [0x0000028107ac0000, 0x00000281081a0000, 0x000002810f000000]
CodeHeap 'profiled nmethods': size=120000Kb used=24007Kb max_used=24007Kb free=95992Kb
 bounds [0x0000028100590000, 0x0000028101d10000, 0x0000028107ac0000]
CodeHeap 'non-nmethods': size=5696Kb used=2281Kb max_used=2317Kb free=3414Kb
 bounds [0x0000028100000000, 0x0000028100270000, 0x0000028100590000]
 total_blobs=11704 nmethods=10820 adapters=796
 compilation: enabled
              stopped_count=0, restarted_count=0
 full_count=0

Compilation events (20 events):
Event: 267.295 Thread 0x000002817fbfc800 10838       4       java.io.Bits::putInt (36 bytes)
Event: 267.297 Thread 0x000002817fbfc800 nmethod 10838 0x000002810819c610 code [0x000002810819c7a0, 0x000002810819c878]
Event: 267.298 Thread 0x000002817fb85000 nmethod 10836 0x0000028101ceb510 code [0x0000028101ceb7e0, 0x0000028101cec7e8]
Event: 267.298 Thread 0x000002817fb85000 10837       3       java.io.ObjectStreamClass$FieldReflector::getObjFieldValues (99 bytes)
Event: 267.298 Thread 0x000002817fb85000 nmethod 10837 0x0000028101cecf10 code [0x0000028101ced120, 0x0000028101ced778]
Event: 267.299 Thread 0x000002817fb85000 10839       3       java.io.ObjectStreamClass$FieldReflector::getPrimFieldValues (317 bytes)
Event: 267.299 Thread 0x000002817fbfc800 10842       4       java.io.ObjectOutputStream$HandleTable::lookup (56 bytes)
Event: 267.300 Thread 0x000002817fb85000 nmethod 10839 0x0000028101ceda90 code [0x0000028101cedd40, 0x0000028101ceec78]
Event: 267.300 Thread 0x000002817fb85000 10841       3       java.io.ObjectOutputStream$BlockDataOutputStream::write (152 bytes)
Event: 267.301 Thread 0x000002817fb85000 nmethod 10841 0x0000028101cef290 code [0x0000028101cef4c0, 0x0000028101cefcd8]
Event: 267.301 Thread 0x000002817fb85000 10840   !   3       java.io.ObjectOutputStream::writeObject (38 bytes)
Event: 267.302 Thread 0x000002817fb85000 nmethod 10840 0x0000028101ceff10 code [0x0000028101cf00e0, 0x0000028101cf03f8]
Event: 267.305 Thread 0x000002817fbfc800 nmethod 10842 0x000002810819c990 code [0x000002810819cb40, 0x000002810819cd08]
Event: 267.305 Thread 0x000002817fbfc800 10843       4       java.io.ObjectOutputStream$BlockDataOutputStream::writeByte (33 bytes)
Event: 267.306 Thread 0x000002817fbfc800 nmethod 10843 0x000002810819ce90 code [0x000002810819d020, 0x000002810819d0f8]
Event: 267.307 Thread 0x000002817fbfc800 10844       4       java.io.ObjectOutputStream$HandleTable::insert (39 bytes)
Event: 267.313 Thread 0x000002817fbfc800 nmethod 10844 0x000002810819d210 code [0x000002810819d3c0, 0x000002810819d688]
Event: 267.313 Thread 0x000002817fbfc800 10845   !   4       java.io.ObjectOutputStream::writeObject0 (619 bytes)
Event: 267.338 Thread 0x000002817fb85000 10850       3       java.io.ObjectOutputStream::writeLong (9 bytes)
Event: 267.338 Thread 0x000002817fb85000 nmethod 10850 0x0000028101cf0510 code [0x0000028101cf06c0, 0x0000028101cf0808]

GC Heap History (20 events):
Event: 54.757 GC heap before
{Heap before GC invocations=12 (full 0):
 garbage-first heap   total 188416K, used 119477K [0x0000000080000000, 0x0000000100000000)
  region size 1024K, 92 young (94208K), 14 survivors (14336K)
 Metaspace       used 58318K, capacity 59765K, committed 59900K, reserved 1101824K
  class space    used 7392K, capacity 7966K, committed 8064K, reserved 1048576K
}
Event: 54.818 GC heap after
{Heap after GC invocations=13 (full 0):
 garbage-first heap   total 188416K, used 45056K [0x0000000080000000, 0x0000000100000000)
  region size 1024K, 4 young (4096K), 4 survivors (4096K)
 Metaspace       used 58318K, capacity 59765K, committed 59900K, reserved 1101824K
  class space    used 7392K, capacity 7966K, committed 8064K, reserved 1048576K
}
Event: 62.271 GC heap before
{Heap before GC invocations=14 (full 0):
 garbage-first heap   total 188416K, used 136192K [0x0000000080000000, 0x0000000100000000)
  region size 1024K, 93 young (95232K), 4 survivors (4096K)
 Metaspace       used 65667K, capacity 67269K, committed 67452K, reserved 1107968K
  class space    used 8374K, capacity 8959K, committed 8960K, reserved 1048576K
}
Event: 62.316 GC heap after
{Heap after GC invocations=15 (full 0):
 garbage-first heap   total 188416K, used 52224K [0x0000000080000000, 0x0000000100000000)
  region size 1024K, 11 young (11264K), 11 survivors (11264K)
 Metaspace       used 65667K, capacity 67269K, committed 67452K, reserved 1107968K
  class space    used 8374K, capacity 8959K, committed 8960K, reserved 1048576K
}
Event: 75.968 GC heap before
{Heap before GC invocations=15 (full 0):
 garbage-first heap   total 188416K, used 141312K [0x0000000080000000, 0x0000000100000000)
  region size 1024K, 98 young (100352K), 11 survivors (11264K)
 Metaspace       used 75605K, capacity 77376K, committed 77436K, reserved 1116160K
  class space    used 9836K, capacity 10465K, committed 10496K, reserved 1048576K
}
Event: 76.023 GC heap after
{Heap after GC invocations=16 (full 0):
 garbage-first heap   total 188416K, used 57537K [0x0000000080000000, 0x0000000100000000)
  region size 1024K, 6 young (6144K), 6 survivors (6144K)
 Metaspace       used 75605K, capacity 77376K, committed 77436K, reserved 1116160K
  class space    used 9836K, capacity 10465K, committed 10496K, reserved 1048576K
}
Event: 90.069 GC heap before
{Heap before GC invocations=16 (full 0):
 garbage-first heap   total 188416K, used 143553K [0x0000000080000000, 0x0000000100000000)
  region size 1024K, 91 young (93184K), 6 survivors (6144K)
 Metaspace       used 79322K, capacity 81285K, committed 81404K, reserved 1120256K
  class space    used 10315K, capacity 11043K, committed 11136K, reserved 1048576K
}
Event: 90.108 GC heap after
{Heap after GC invocations=17 (full 0):
 garbage-first heap   total 188416K, used 63169K [0x0000000080000000, 0x0000000100000000)
  region size 1024K, 11 young (11264K), 11 survivors (11264K)
 Metaspace       used 79322K, capacity 81285K, committed 81404K, reserved 1120256K
  class space    used 10315K, capacity 11043K, committed 11136K, reserved 1048576K
}
Event: 117.665 GC heap before
{Heap before GC invocations=17 (full 0):
 garbage-first heap   total 188416K, used 151233K [0x0000000080000000, 0x0000000100000000)
  region size 1024K, 93 young (95232K), 11 survivors (11264K)
 Metaspace       used 81807K, capacity 83797K, committed 83964K, reserved 1122304K
  class space    used 10546K, capacity 11317K, committed 11392K, reserved 1048576K
}
Event: 117.806 GC heap after
{Heap after GC invocations=18 (full 0):
 garbage-first heap   total 188416K, used 88494K [0x0000000080000000, 0x0000000100000000)
  region size 1024K, 12 young (12288K), 12 survivors (12288K)
 Metaspace       used 81807K, capacity 83797K, committed 83964K, reserved 1122304K
  class space    used 10546K, capacity 11317K, committed 11392K, reserved 1048576K
}
Event: 181.325 GC heap before
{Heap before GC invocations=18 (full 0):
 garbage-first heap   total 188416K, used 150958K [0x0000000080000000, 0x0000000100000000)
  region size 1024K, 65 young (66560K), 12 survivors (12288K)
 Metaspace       used 82677K, capacity 84767K, committed 84988K, reserved 1122304K
  class space    used 10625K, capacity 11379K, committed 11392K, reserved 1048576K
}
Event: 181.405 GC heap after
{Heap after GC invocations=19 (full 0):
 garbage-first heap   total 188416K, used 100352K [0x0000000080000000, 0x0000000100000000)
  region size 1024K, 9 young (9216K), 9 survivors (9216K)
 Metaspace       used 82677K, capacity 84767K, committed 84988K, reserved 1122304K
  class space    used 10625K, capacity 11379K, committed 11392K, reserved 1048576K
}
Event: 237.354 GC heap before
{Heap before GC invocations=19 (full 0):
 garbage-first heap   total 188416K, used 147456K [0x0000000080000000, 0x0000000100000000)
  region size 1024K, 55 young (56320K), 9 survivors (9216K)
 Metaspace       used 85320K, capacity 87452K, committed 87676K, reserved 1126400K
  class space    used 10921K, capacity 11676K, committed 11776K, reserved 1048576K
}
Event: 237.413 GC heap after
{Heap after GC invocations=20 (full 0):
 garbage-first heap   total 188416K, used 102912K [0x0000000080000000, 0x0000000100000000)
  region size 1024K, 2 young (2048K), 2 survivors (2048K)
 Metaspace       used 85320K, capacity 87452K, committed 87676K, reserved 1126400K
  class space    used 10921K, capacity 11676K, committed 11776K, reserved 1048576K
}
Event: 264.571 GC heap before
{Heap before GC invocations=21 (full 0):
 garbage-first heap   total 188416K, used 148992K [0x0000000080000000, 0x0000000100000000)
  region size 1024K, 48 young (49152K), 2 survivors (2048K)
 Metaspace       used 85393K, capacity 87466K, committed 87676K, reserved 1126400K
  class space    used 10918K, capacity 11658K, committed 11776K, reserved 1048576K
}
Event: 264.613 GC heap after
{Heap after GC invocations=22 (full 0):
 garbage-first heap   total 188416K, used 108544K [0x0000000080000000, 0x0000000100000000)
  region size 1024K, 6 young (6144K), 6 survivors (6144K)
 Metaspace       used 85393K, capacity 87466K, committed 87676K, reserved 1126400K
  class space    used 10918K, capacity 11658K, committed 11776K, reserved 1048576K
}
Event: 265.250 GC heap before
{Heap before GC invocations=23 (full 0):
 garbage-first heap   total 188416K, used 109568K [0x0000000080000000, 0x0000000100000000)
  region size 1024K, 7 young (7168K), 6 survivors (6144K)
 Metaspace       used 85393K, capacity 87466K, committed 87676K, reserved 1126400K
  class space    used 10918K, capacity 11658K, committed 11776K, reserved 1048576K
}
Event: 265.270 GC heap after
{Heap after GC invocations=24 (full 0):
 garbage-first heap   total 188416K, used 110004K [0x0000000080000000, 0x0000000100000000)
  region size 1024K, 1 young (1024K), 1 survivors (1024K)
 Metaspace       used 85393K, capacity 87466K, committed 87676K, reserved 1126400K
  class space    used 10918K, capacity 11658K, committed 11776K, reserved 1048576K
}
Event: 265.755 GC heap before
{Heap before GC invocations=25 (full 0):
 garbage-first heap   total 188416K, used 122292K [0x0000000080000000, 0x0000000100000000)
  region size 1024K, 3 young (3072K), 1 survivors (1024K)
 Metaspace       used 85394K, capacity 87466K, committed 87676K, reserved 1126400K
  class space    used 10918K, capacity 11658K, committed 11776K, reserved 1048576K
}
Event: 265.770 GC heap after
{Heap after GC invocations=26 (full 0):
 garbage-first heap   total 188416K, used 115897K [0x0000000080000000, 0x0000000100000000)
  region size 1024K, 1 young (1024K), 1 survivors (1024K)
 Metaspace       used 85394K, capacity 87466K, committed 87676K, reserved 1126400K
  class space    used 10918K, capacity 11658K, committed 11776K, reserved 1048576K
}

Deoptimization events (20 events):
Event: 265.342 Thread 0x0000028113993800 Uncommon trap: trap_request=0xffffff4d fr.pc=0x00000281081374d0 relative=0x0000000000005a70
Event: 265.342 Thread 0x0000028113993800 Uncommon trap: reason=unstable_if action=reinterpret pc=0x00000281081374d0 method=com.android.utils.XmlUtils.append(Lcom/android/utils/XmlUtils$PositionAwareStringBuilder;Lorg/w3c/dom/Node;Ljava/util/Map;Ljava/util/Set;)V @ 546 c2
Event: 265.342 Thread 0x0000028113993800 DEOPT PACKING pc=0x00000281081374d0 sp=0x0000008f3b2f7530
Event: 265.342 Thread 0x0000028113993800 DEOPT UNPACKING pc=0x000002810002662f sp=0x0000008f3b2f74f8 mode 2
Event: 267.056 Thread 0x0000028113993800 Uncommon trap: trap_request=0xffffffd6 fr.pc=0x00000281080f6ec8 relative=0x0000000000000868
Event: 267.056 Thread 0x0000028113993800 Uncommon trap: reason=array_check action=maybe_recompile pc=0x00000281080f6ec8 method=java.util.ComparableTimSort.binarySort([Ljava/lang/Object;III)V @ 183 c2
Event: 267.056 Thread 0x0000028113993800 DEOPT PACKING pc=0x00000281080f6ec8 sp=0x0000008f3b2f4eb0
Event: 267.056 Thread 0x0000028113993800 DEOPT UNPACKING pc=0x000002810002662f sp=0x0000008f3b2f4e50 mode 2
Event: 267.061 Thread 0x0000028113993800 Uncommon trap: trap_request=0xffffffd6 fr.pc=0x00000281080f6cfc relative=0x000000000000069c
Event: 267.061 Thread 0x0000028113993800 Uncommon trap: reason=array_check action=maybe_recompile pc=0x00000281080f6cfc method=java.util.ComparableTimSort.binarySort([Ljava/lang/Object;III)V @ 215 c2
Event: 267.061 Thread 0x0000028113993800 DEOPT PACKING pc=0x00000281080f6cfc sp=0x0000008f3b2f3d10
Event: 267.061 Thread 0x0000028113993800 DEOPT UNPACKING pc=0x000002810002662f sp=0x0000008f3b2f3cb0 mode 2
Event: 267.292 Thread 0x0000028113993800 Uncommon trap: trap_request=0xffffffd6 fr.pc=0x00000281080f6ec8 relative=0x0000000000000868
Event: 267.292 Thread 0x0000028113993800 Uncommon trap: reason=array_check action=maybe_recompile pc=0x00000281080f6ec8 method=java.util.ComparableTimSort.binarySort([Ljava/lang/Object;III)V @ 183 c2
Event: 267.292 Thread 0x0000028113993800 DEOPT PACKING pc=0x00000281080f6ec8 sp=0x0000008f3b2f3950
Event: 267.292 Thread 0x0000028113993800 DEOPT UNPACKING pc=0x000002810002662f sp=0x0000008f3b2f38f0 mode 2
Event: 267.331 Thread 0x0000028113993800 Uncommon trap: trap_request=0xffffffd6 fr.pc=0x00000281080f6cfc relative=0x000000000000069c
Event: 267.331 Thread 0x0000028113993800 Uncommon trap: reason=array_check action=maybe_recompile pc=0x00000281080f6cfc method=java.util.ComparableTimSort.binarySort([Ljava/lang/Object;III)V @ 215 c2
Event: 267.331 Thread 0x0000028113993800 DEOPT PACKING pc=0x00000281080f6cfc sp=0x0000008f3b2f4af0
Event: 267.331 Thread 0x0000028113993800 DEOPT UNPACKING pc=0x000002810002662f sp=0x0000008f3b2f4a90 mode 2

Classes redefined (0 events):
No events

Internal exceptions (20 events):
Event: 90.617 Thread 0x00000281174f2800 Exception <a 'java/lang/NoSuchMethodError'{0x000000008b292fa8}: 'void java.lang.invoke.DirectMethodHandle$Holder.invokeVirtual(java.lang.Object, java.lang.Object)'> (0x000000008b292fa8) thrown at [./src/hotspot/share/interpreter/linkResolver.cpp, line 773]
Event: 93.568 Thread 0x0000028113993800 Implicit null exception at 0x0000028107d96d04 to 0x0000028107d96efc
Event: 122.601 Thread 0x0000028113993800 Exception <a 'java/lang/NoSuchMethodError'{0x00000000898169b0}: <clinit>> (0x00000000898169b0) thrown at [./src/hotspot/share/prims/jni.cpp, line 1362]
Event: 122.604 Thread 0x0000028113993800 Exception <a 'java/lang/NoSuchMethodError'{0x000000008982bc20}: <clinit>> (0x000000008982bc20) thrown at [./src/hotspot/share/prims/jni.cpp, line 1362]
Event: 122.730 Thread 0x0000028113993800 Exception <a 'java/lang/NoSuchMethodError'{0x00000000898b8120}: <clinit>> (0x00000000898b8120) thrown at [./src/hotspot/share/prims/jni.cpp, line 1362]
Event: 122.783 Thread 0x0000028113993800 Exception <a 'java/lang/NoSuchMethodError'{0x00000000898bb4e0}: <clinit>> (0x00000000898bb4e0) thrown at [./src/hotspot/share/prims/jni.cpp, line 1362]
Event: 122.783 Thread 0x0000028113993800 Exception <a 'java/lang/NoSuchMethodError'{0x00000000898c06b8}: <clinit>> (0x00000000898c06b8) thrown at [./src/hotspot/share/prims/jni.cpp, line 1362]
Event: 122.787 Thread 0x0000028113993800 Exception <a 'java/lang/NoSuchMethodError'{0x00000000898cc650}: <clinit>> (0x00000000898cc650) thrown at [./src/hotspot/share/prims/jni.cpp, line 1362]
Event: 122.805 Thread 0x0000028113993800 Exception <a 'java/lang/NoSuchMethodError'{0x000000008974a6f8}: <clinit>> (0x000000008974a6f8) thrown at [./src/hotspot/share/prims/jni.cpp, line 1362]
Event: 122.813 Thread 0x0000028113993800 Exception <a 'java/lang/NoSuchMethodError'{0x000000008978d410}: <clinit>> (0x000000008978d410) thrown at [./src/hotspot/share/prims/jni.cpp, line 1362]
Event: 122.813 Thread 0x0000028113993800 Exception <a 'java/lang/NoSuchMethodError'{0x0000000089791070}: <clinit>> (0x0000000089791070) thrown at [./src/hotspot/share/prims/jni.cpp, line 1362]
Event: 122.814 Thread 0x0000028113993800 Exception <a 'java/lang/NoSuchMethodError'{0x0000000089794780}: <clinit>> (0x0000000089794780) thrown at [./src/hotspot/share/prims/jni.cpp, line 1362]
Event: 122.992 Thread 0x0000028113993800 Exception <a 'java/lang/NoSuchMethodError'{0x00000000897b39b0}: <clinit>> (0x00000000897b39b0) thrown at [./src/hotspot/share/prims/jni.cpp, line 1362]
Event: 122.994 Thread 0x0000028113993800 Exception <a 'java/lang/NoSuchMethodError'{0x00000000897d1f38}: <clinit>> (0x00000000897d1f38) thrown at [./src/hotspot/share/prims/jni.cpp, line 1362]
Event: 122.998 Thread 0x0000028113993800 Exception <a 'java/lang/NoSuchMethodError'{0x00000000897ec940}: <clinit>> (0x00000000897ec940) thrown at [./src/hotspot/share/prims/jni.cpp, line 1362]
Event: 123.003 Thread 0x0000028113993800 Exception <a 'java/lang/NoSuchMethodError'{0x0000000089619880}: <clinit>> (0x0000000089619880) thrown at [./src/hotspot/share/prims/jni.cpp, line 1362]
Event: 123.011 Thread 0x0000028113993800 Exception <a 'java/lang/NoSuchMethodError'{0x0000000089649338}: <clinit>> (0x0000000089649338) thrown at [./src/hotspot/share/prims/jni.cpp, line 1362]
Event: 123.015 Thread 0x0000028113993800 Exception <a 'java/lang/NoSuchMethodError'{0x00000000896628c0}: <clinit>> (0x00000000896628c0) thrown at [./src/hotspot/share/prims/jni.cpp, line 1362]
Event: 265.341 Thread 0x0000028113993800 Implicit null exception at 0x0000028108132ea1 to 0x00000281081374bc
Event: 267.338 Thread 0x0000028113993800 Exception <a 'java/lang/NoSuchMethodError'{0x000000008b5e27a8}: <clinit>> (0x000000008b5e27a8) thrown at [./src/hotspot/share/prims/jni.cpp, line 1362]

Events (20 events):
Event: 266.679 loading class com/android/aaptcompiler/android/ResTableConfig$Companion
Event: 266.679 loading class com/android/aaptcompiler/android/ResTableConfig$Companion done
Event: 266.681 loading class com/android/aaptcompiler/LocaleValue
Event: 266.681 loading class com/android/aaptcompiler/LocaleValue done
Event: 266.683 loading class com/android/aaptcompiler/ResourcePathData
Event: 266.683 loading class com/android/aaptcompiler/ResourcePathData done
Event: 266.685 loading class com/android/aaptcompiler/AaptResourceTypeKt
Event: 266.685 loading class com/android/aaptcompiler/AaptResourceTypeKt done
Event: 266.689 loading class com/android/aaptcompiler/ConfigDescriptionParsersKt
Event: 266.689 loading class com/android/aaptcompiler/ConfigDescriptionParsersKt done
Event: 267.029 loading class com/android/aaptcompiler/AaptResourceType
Event: 267.029 loading class com/android/aaptcompiler/AaptResourceType done
Event: 267.047 loading class com/android/build/gradle/internal/res/ResourceCompilerRunnable
Event: 267.047 loading class com/android/build/gradle/internal/res/ResourceCompilerRunnable done
Event: 267.048 loading class com/android/build/gradle/internal/aapt/WorkerExecutorResourceCompilationService$close$1$1
Event: 267.048 loading class com/android/build/gradle/internal/aapt/WorkerExecutorResourceCompilationService$close$1$1 done
Event: 267.049 loading class com/android/build/gradle/internal/res/ResourceCompilerRunnable$Params
Event: 267.049 loading class com/android/build/gradle/internal/res/ResourceCompilerRunnable$Params done
Event: 267.332 loading class kotlin/InitializedLazyImpl
Event: 267.332 loading class kotlin/InitializedLazyImpl done


Dynamic libraries:
0x00007ff703a70000 - 0x00007ff703a7a000 	C:\Program Files\Android\Android Studio\jre\bin\java.exe
0x00007ffbc6650000 - 0x00007ffbc6845000 	C:\WINDOWS\SYSTEM32\ntdll.dll
0x00007ffbc63b0000 - 0x00007ffbc646e000 	C:\WINDOWS\System32\KERNEL32.DLL
0x00007ffbc4080000 - 0x00007ffbc4348000 	C:\WINDOWS\System32\KERNELBASE.dll
0x00007ffbc1480000 - 0x00007ffbc1510000 	C:\WINDOWS\SYSTEM32\apphelp.dll
0x00007ffbc45b0000 - 0x00007ffbc46b0000 	C:\WINDOWS\System32\ucrtbase.dll
0x00007ffb8d220000 - 0x00007ffb8d239000 	C:\Program Files\Android\Android Studio\jre\bin\jli.dll
0x00007ffbc4b30000 - 0x00007ffbc4cd0000 	C:\WINDOWS\System32\USER32.dll
0x00007ffbc3ef0000 - 0x00007ffbc3f12000 	C:\WINDOWS\System32\win32u.dll
0x00007ffb843f0000 - 0x00007ffb84407000 	C:\Program Files\Android\Android Studio\jre\bin\VCRUNTIME140.dll
0x00007ffbc4cd0000 - 0x00007ffbc4cfb000 	C:\WINDOWS\System32\GDI32.dll
0x00007ffbc3de0000 - 0x00007ffbc3eeb000 	C:\WINDOWS\System32\gdi32full.dll
0x00007ffbc4350000 - 0x00007ffbc43ed000 	C:\WINDOWS\System32\msvcp_win.dll
0x00007ffbb5310000 - 0x00007ffbb55aa000 	C:\WINDOWS\WinSxS\amd64_microsoft.windows.common-controls_6595b64144ccf1df_6.0.19041.1110_none_60b5254171f9507e\COMCTL32.dll
0x00007ffbc56b0000 - 0x00007ffbc574e000 	C:\WINDOWS\System32\msvcrt.dll
0x00007ffbc6540000 - 0x00007ffbc6570000 	C:\WINDOWS\System32\IMM32.DLL
0x00007ffb7d190000 - 0x00007ffb7d22d000 	C:\Program Files\Android\Android Studio\jre\bin\msvcp140.dll
0x00007ffb5f9e0000 - 0x00007ffb604b5000 	C:\Program Files\Android\Android Studio\jre\bin\server\jvm.dll
0x00007ffbc5960000 - 0x00007ffbc5a0e000 	C:\WINDOWS\System32\ADVAPI32.dll
0x00007ffbc6570000 - 0x00007ffbc660c000 	C:\WINDOWS\System32\sechost.dll
0x00007ffbc6280000 - 0x00007ffbc63a5000 	C:\WINDOWS\System32\RPCRT4.dll
0x00007ffbc4e00000 - 0x00007ffbc4e08000 	C:\WINDOWS\System32\PSAPI.DLL
0x00007ffbad8d0000 - 0x00007ffbad8d9000 	C:\WINDOWS\SYSTEM32\WSOCK32.dll
0x00007ffbc58e0000 - 0x00007ffbc594b000 	C:\WINDOWS\System32\WS2_32.dll
0x00007ffbbad70000 - 0x00007ffbbad97000 	C:\WINDOWS\SYSTEM32\WINMM.dll
0x00007ffbbad60000 - 0x00007ffbbad6a000 	C:\WINDOWS\SYSTEM32\VERSION.dll
0x00007ffbc2720000 - 0x00007ffbc2732000 	C:\WINDOWS\SYSTEM32\kernel.appcore.dll
0x00007ffbb9930000 - 0x00007ffbb9941000 	C:\Program Files\Android\Android Studio\jre\bin\verify.dll
0x00007ffbb5760000 - 0x00007ffbb5944000 	C:\WINDOWS\SYSTEM32\DBGHELP.DLL
0x00007ffbb5730000 - 0x00007ffbb575c000 	C:\WINDOWS\SYSTEM32\dbgcore.DLL
0x00007ffbc4440000 - 0x00007ffbc44c2000 	C:\WINDOWS\System32\bcryptPrimitives.dll
0x00007ffbb9760000 - 0x00007ffbb9789000 	C:\Program Files\Android\Android Studio\jre\bin\java.dll
0x00007ffbbfa00000 - 0x00007ffbbfa0b000 	C:\Program Files\Android\Android Studio\jre\bin\jimage.dll
0x00007ffbb9740000 - 0x00007ffbb9758000 	C:\Program Files\Android\Android Studio\jre\bin\zip.dll
0x00007ffbc4e70000 - 0x00007ffbc55b4000 	C:\WINDOWS\System32\SHELL32.dll
0x00007ffbc1c10000 - 0x00007ffbc23a4000 	C:\WINDOWS\SYSTEM32\windows.storage.dll
0x00007ffbc5cd0000 - 0x00007ffbc6024000 	C:\WINDOWS\System32\combase.dll
0x00007ffbc36e0000 - 0x00007ffbc370c000 	C:\WINDOWS\SYSTEM32\Wldp.dll
0x00007ffbc5a70000 - 0x00007ffbc5b1d000 	C:\WINDOWS\System32\SHCORE.dll
0x00007ffbc4e10000 - 0x00007ffbc4e65000 	C:\WINDOWS\System32\shlwapi.dll
0x00007ffbc3cb0000 - 0x00007ffbc3ccf000 	C:\WINDOWS\SYSTEM32\profapi.dll
0x00007ffbb96f0000 - 0x00007ffbb970a000 	C:\Program Files\Android\Android Studio\jre\bin\net.dll
0x00007ffbb4c10000 - 0x00007ffbb4d19000 	C:\WINDOWS\SYSTEM32\WINHTTP.dll
0x00007ffbc3400000 - 0x00007ffbc346a000 	C:\WINDOWS\system32\mswsock.dll
0x00007ffbb96d0000 - 0x00007ffbb96e4000 	C:\Program Files\Android\Android Studio\jre\bin\nio.dll
0x00007ffb83ca0000 - 0x00007ffb83cc7000 	C:\Users\Hervis Jonathan\.gradle\native\8bec1ad78214c89d9ad589b4d07fe93259594b29d510b10fafb7a158f7737e5d\windows-amd64\native-platform.dll
0x00007ffb72320000 - 0x00007ffb7245d000 	C:\Users\Hervis Jonathan\.gradle\native\53dbd7edfb1c66fb8903c78663c9afc45aea4f116125fa6feffd364cf09443e8\windows-amd64\native-platform-file-events.dll
0x00007ffbb9720000 - 0x00007ffbb972a000 	C:\Program Files\Android\Android Studio\jre\bin\management.dll
0x00007ffbb96c0000 - 0x00007ffbb96cd000 	C:\Program Files\Android\Android Studio\jre\bin\management_ext.dll
0x00007ffbc3630000 - 0x00007ffbc3648000 	C:\WINDOWS\SYSTEM32\CRYPTSP.dll
0x00007ffbc2da0000 - 0x00007ffbc2dd4000 	C:\WINDOWS\system32\rsaenh.dll
0x00007ffbc4580000 - 0x00007ffbc45a7000 	C:\WINDOWS\System32\bcrypt.dll
0x00007ffbc3c30000 - 0x00007ffbc3c5e000 	C:\WINDOWS\SYSTEM32\USERENV.dll
0x00007ffbc3590000 - 0x00007ffbc359c000 	C:\WINDOWS\SYSTEM32\CRYPTBASE.dll
0x00007ffbc3110000 - 0x00007ffbc314b000 	C:\WINDOWS\SYSTEM32\IPHLPAPI.DLL
0x00007ffbc4b20000 - 0x00007ffbc4b28000 	C:\WINDOWS\System32\NSI.dll
0x00007ffbb9910000 - 0x00007ffbb9927000 	C:\WINDOWS\SYSTEM32\dhcpcsvc6.DLL
0x00007ffbbb780000 - 0x00007ffbbb79d000 	C:\WINDOWS\SYSTEM32\dhcpcsvc.DLL
0x00007ffbc3150000 - 0x00007ffbc321a000 	C:\WINDOWS\SYSTEM32\DNSAPI.dll

dbghelp: loaded successfully - version: 4.0.5 - missing functions: none
symbol engine: initialized successfully - sym options: 0x614 - pdb path: .;C:\Program Files\Android\Android Studio\jre\bin;C:\WINDOWS\SYSTEM32;C:\WINDOWS\WinSxS\amd64_microsoft.windows.common-controls_6595b64144ccf1df_6.0.19041.1110_none_60b5254171f9507e;C:\Program Files\Android\Android Studio\jre\bin\server;C:\Users\Hervis Jonathan\.gradle\native\8bec1ad78214c89d9ad589b4d07fe93259594b29d510b10fafb7a158f7737e5d\windows-amd64;C:\Users\Hervis Jonathan\.gradle\native\53dbd7edfb1c66fb8903c78663c9afc45aea4f116125fa6feffd364cf09443e8\windows-amd64

VM Arguments:
jvm_args: --add-opens=java.base/java.util=ALL-UNNAMED --add-opens=java.base/java.lang=ALL-UNNAMED --add-opens=java.base/java.lang.invoke=ALL-UNNAMED --add-opens=java.base/java.util=ALL-UNNAMED --add-opens=java.prefs/java.util.prefs=ALL-UNNAMED --add-opens=java.prefs/java.util.prefs=ALL-UNNAMED --add-opens=java.base/java.nio.charset=ALL-UNNAMED --add-opens=java.base/java.net=ALL-UNNAMED --add-opens=java.base/java.util.concurrent.atomic=ALL-UNNAMED -Xmx2048m -Dfile.encoding=UTF-8 -Duser.country=CO -Duser.language=es -Duser.variant 
java_command: org.gradle.launcher.daemon.bootstrap.GradleDaemon 7.0.2
java_class_path (initial): C:\Users\Hervis Jonathan\.gradle\wrapper\dists\gradle-7.0.2-bin\857tjihv64xamwrf0h14cai3r\gradle-7.0.2\lib\gradle-launcher-7.0.2.jar
Launcher Type: SUN_STANDARD

[Global flags]
     intx CICompilerCount                          = 2                                         {product} {ergonomic}
     uint ConcGCThreads                            = 1                                         {product} {ergonomic}
     uint G1ConcRefinementThreads                  = 2                                         {product} {ergonomic}
   size_t G1HeapRegionSize                         = 1048576                                   {product} {ergonomic}
    uintx GCDrainStackTargetSize                   = 64                                        {product} {ergonomic}
   size_t InitialHeapSize                          = 192937984                                 {product} {ergonomic}
   size_t MarkStackSize                            = 4194304                                   {product} {ergonomic}
   size_t MaxHeapSize                              = 2147483648                                {product} {command line}
   size_t MaxNewSize                               = 1287651328                                {product} {ergonomic}
   size_t MinHeapDeltaBytes                        = 1048576                                   {product} {ergonomic}
    uintx NonNMethodCodeHeapSize                   = 5825164                                {pd product} {ergonomic}
    uintx NonProfiledCodeHeapSize                  = 122916538                              {pd product} {ergonomic}
    uintx ProfiledCodeHeapSize                     = 122916538                              {pd product} {ergonomic}
    uintx ReservedCodeCacheSize                    = 251658240                              {pd product} {ergonomic}
     bool SegmentedCodeCache                       = true                                      {product} {ergonomic}
     bool UseCompressedClassPointers               = true                                 {lp64_product} {ergonomic}
     bool UseCompressedOops                        = true                                 {lp64_product} {ergonomic}
     bool UseG1GC                                  = true                                      {product} {ergonomic}
     bool UseLargePagesIndividualAllocation        = false                                  {pd product} {ergonomic}

Logging:
Log output configuration:
 #0: stdout all=warning uptime,level,tags
 #1: stderr all=off uptime,level,tags

Environment Variables:
PATH=C:\Program Files (x86)\Common Files\Oracle\Java\javapath;C:\Program Files\Microsoft MPI\Bin\;C:\ProgramData\Oracle\Java\javapath;C:\WINDOWS\system32;C:\WINDOWS;C:\WINDOWS\System32\Wbem;C:\WINDOWS\System32\WindowsPowerShell\v1.0\;C:\Program Files (x86)\Microsoft SQL Server\130\Tools\Binn\;C:\Program Files\Microsoft SQL Server\130\Tools\Binn\;C:\Program Files (x86)\Microsoft SQL Server\130\DTS\Binn\;C:\Program Files\Microsoft SQL Server\130\DTS\Binn\;C:\Program Files\Microsoft SQL Server\Client SDK\ODBC\130\Tools\Binn\;C:\Program Files (x86)\Microsoft SQL Server\Client SDK\ODBC\130\Tools\Binn\;C:\Program Files (x86)\Microsoft SQL Server\140\Tools\Binn\;C:\Program Files (x86)\Microsoft SQL Server\140\DTS\Binn\;C:\Program Files (x86)\Microsoft SQL Server\140\Tools\Binn\ManagementStudio\;C:\Program Files (x86)\Microsoft SQL Server\110\DTS\Binn\;C:\Program Files (x86)\Microsoft SQL Server\120\DTS\Binn\;C:\Program Files\dotnet\;C:\WINDOWS\System32\OpenSSH\;C:\Program Files\Microsoft SQL Server\Client SDK\ODBC\170\Tools\Binn\;C:\Program Files (x86)\Microsoft SQL Server\150\Tools\Binn\;C:\Program Files\Microsoft SQL Server\150\Tools\Binn\;C:\Program Files\Microsoft SQL Server\150\DTS\Binn\;C:\Program Files (x86)\Microsoft SQL Server\150\DTS\Binn\;C:\Program Files\Azure Data Studio\bin;C:\Program Files (x86)\dotnet\;C:\Program Files\Git\cmd;C:\Users\Hervis Jonathan\AppData\Local\Programs\Python\Python39\Scripts\;C:\Users\Hervis Jonathan\AppData\Local\Programs\Python\Python39\;C:\Users\Hervis Jonathan\AppData\Local\Programs\Python\Python38-32\Scripts\;C:\Users\Hervis Jonathan\AppData\Local\Programs\Python\Python38-32\;C:\Users\Hervis Jonathan\AppData\Local\Microsoft\WindowsApps;C:\Users\Hervis Jonathan\AppData\Local\GitHubDesktop\bin;C:\Program Files\Azure Data Studio\bin;C:\Users\Hervis Jonathan\.dotnet\tools;C:\Program Files\JetBrains\IntelliJ IDEA Community Edition 2021.2\bin;;C:\Users\Hervis Jonathan\AppData\Local\Programs\Microsoft VS Code\bin
USERNAME=Hervis Jonathan
OS=Windows_NT
PROCESSOR_IDENTIFIER=AMD64 Family 21 Model 112 Stepping 0, AuthenticAMD



---------------  S Y S T E M  ---------------

OS: Windows 10 , 64 bit Build 19041 (10.0.19041.1566)
OS uptime: 0 days 8:14 hours
Hyper-V role detected

CPU:total 2 (initial active 2) (2 cores per cpu, 1 threads per core) family 21 model 112 stepping 0 microcode 0x0, cmov, cx8, fxsr, mmx, sse, sse2, sse3, ssse3, sse4.1, sse4.2, popcnt, avx, avx2, aes, clmul, mmxext, 3dnowpref, lzcnt, sse4a, tsc, tscinvbit, tscinv, bmi1, bmi2, fma

Memory: 4k page, system-wide physical 11729M (724M free)
TotalPageFile size 13499M (AvailPageFile size 2M)
current process WorkingSet (physical memory assigned to process): 415M, peak: 416M
current process commit charge ("private bytes"): 437M, peak: 438M

vm_info: OpenJDK 64-Bit Server VM (11.0.11+9-b60-7590822) for windows-amd64 JRE (11.0.11+9-b60-7590822), built on Jul 29 2021 21:43:44 by "builder" with MS VC++ 14.0 (VS2015)

END.
